<?xml version="1.0" encoding="UTF-8"?>
<coverage generated="1749301291007" clover="3.2.0">
  <project timestamp="1749301291007" name="All files">
    <metrics statements="129" coveredstatements="129" conditionals="30" coveredconditionals="30" methods="6" coveredmethods="6" elements="165" coveredelements="165" complexity="0" loc="129" ncloc="129" packages="2" files="6" classes="6"/>
    <package name="lib">
      <metrics statements="25" coveredstatements="25" conditionals="0" coveredconditionals="0" methods="1" coveredmethods="1"/>
      <file name="infrastructure-stack.ts" path="/home/yusuke/engineers-hub.ltd/in-house-project/markmail/infrastructure/lib/infrastructure-stack.ts">
        <metrics statements="25" coveredstatements="25" conditionals="0" coveredconditionals="0" methods="1" coveredmethods="1"/>
        <line num="1" count="1" type="stmt"/>
        <line num="5" count="1" type="stmt"/>
        <line num="6" count="1" type="stmt"/>
        <line num="7" count="1" type="stmt"/>
        <line num="8" count="1" type="stmt"/>
        <line num="9" count="1" type="stmt"/>
        <line num="31" count="1" type="stmt"/>
        <line num="33" count="12" type="stmt"/>
        <line num="47" count="12" type="stmt"/>
        <line num="50" count="12" type="stmt"/>
        <line num="55" count="12" type="stmt"/>
        <line num="65" count="12" type="stmt"/>
        <line num="79" count="12" type="stmt"/>
        <line num="91" count="12" type="stmt"/>
        <line num="100" count="12" type="stmt"/>
        <line num="106" count="12" type="stmt"/>
        <line num="112" count="12" type="stmt"/>
        <line num="118" count="12" type="stmt"/>
        <line num="124" count="12" type="stmt"/>
        <line num="130" count="12" type="stmt"/>
        <line num="136" count="12" type="stmt"/>
        <line num="142" count="12" type="stmt"/>
        <line num="149" count="12" type="stmt"/>
        <line num="150" count="12" type="stmt"/>
        <line num="151" count="12" type="stmt"/>
      </file>
    </package>
    <package name="lib.constructs">
      <metrics statements="104" coveredstatements="104" conditionals="30" coveredconditionals="30" methods="5" coveredmethods="5"/>
      <file name="cicd.ts" path="/home/yusuke/engineers-hub.ltd/in-house-project/markmail/infrastructure/lib/constructs/cicd.ts">
        <metrics statements="26" coveredstatements="26" conditionals="4" coveredconditionals="4" methods="1" coveredmethods="1"/>
        <line num="1" count="2" type="stmt"/>
        <line num="2" count="2" type="stmt"/>
        <line num="3" count="2" type="stmt"/>
        <line num="4" count="2" type="stmt"/>
        <line num="5" count="2" type="stmt"/>
        <line num="6" count="2" type="stmt"/>
        <line num="7" count="2" type="stmt"/>
        <line num="11" count="2" type="stmt"/>
        <line num="24" count="2" type="stmt"/>
        <line num="29" count="25" type="stmt"/>
        <line num="40" count="25" type="stmt"/>
        <line num="43" count="25" type="stmt"/>
        <line num="51" count="25" type="stmt"/>
        <line num="102" count="25" type="stmt"/>
        <line num="149" count="25" type="stmt"/>
        <line num="150" count="25" type="stmt"/>
        <line num="153" count="25" type="stmt"/>
        <line num="159" count="25" type="stmt"/>
        <line num="165" count="25" type="stmt"/>
        <line num="174" count="25" type="stmt"/>
        <line num="175" count="25" type="stmt"/>
        <line num="185" count="25" type="stmt"/>
        <line num="191" count="25" type="stmt"/>
        <line num="192" count="25" type="stmt"/>
        <line num="194" count="25" type="stmt"/>
        <line num="215" count="25" type="stmt"/>
      </file>
      <file name="container.ts" path="/home/yusuke/engineers-hub.ltd/in-house-project/markmail/infrastructure/lib/constructs/container.ts">
        <metrics statements="26" coveredstatements="26" conditionals="13" coveredconditionals="13" methods="1" coveredmethods="1"/>
        <line num="1" count="2" type="stmt"/>
        <line num="3" count="2" type="stmt"/>
        <line num="4" count="2" type="stmt"/>
        <line num="5" count="2" type="stmt"/>
        <line num="6" count="2" type="stmt"/>
        <line num="7" count="2" type="stmt"/>
        <line num="9" count="2" type="stmt"/>
        <line num="10" count="2" type="stmt"/>
        <line num="13" count="2" type="stmt"/>
        <line num="28" count="2" type="stmt"/>
        <line num="37" count="26" type="stmt"/>
        <line num="50" count="26" type="stmt"/>
        <line num="53" count="26" type="stmt"/>
        <line num="64" count="26" type="stmt"/>
        <line num="76" count="26" type="stmt"/>
        <line num="82" count="26" type="cond" truecount="1" falsecount="0"/>
        <line num="83" count="9" type="stmt"/>
        <line num="89" count="26" type="stmt"/>
        <line num="97" count="26" type="stmt"/>
        <line num="102" count="26" type="stmt"/>
        <line num="116" count="26" type="stmt"/>
        <line num="125" count="26" type="stmt"/>
        <line num="135" count="26" type="cond" truecount="1" falsecount="0"/>
        <line num="136" count="2" type="stmt"/>
        <line num="140" count="2" type="stmt"/>
        <line num="148" count="26" type="stmt"/>
      </file>
      <file name="database.ts" path="/home/yusuke/engineers-hub.ltd/in-house-project/markmail/infrastructure/lib/constructs/database.ts">
        <metrics statements="15" coveredstatements="15" conditionals="8" coveredconditionals="8" methods="1" coveredmethods="1"/>
        <line num="1" count="2" type="stmt"/>
        <line num="2" count="2" type="stmt"/>
        <line num="3" count="2" type="stmt"/>
        <line num="4" count="2" type="stmt"/>
        <line num="5" count="2" type="stmt"/>
        <line num="6" count="2" type="stmt"/>
        <line num="17" count="2" type="stmt"/>
        <line num="23" count="25" type="stmt"/>
        <line num="32" count="25" type="stmt"/>
        <line num="35" count="25" type="stmt"/>
        <line num="45" count="25" type="stmt"/>
        <line num="54" count="25" type="stmt"/>
        <line num="78" count="25" type="stmt"/>
        <line num="86" count="25" type="stmt"/>
        <line num="94" count="25" type="stmt"/>
      </file>
      <file name="monitoring.ts" path="/home/yusuke/engineers-hub.ltd/in-house-project/markmail/infrastructure/lib/constructs/monitoring.ts">
        <metrics statements="22" coveredstatements="22" conditionals="3" coveredconditionals="3" methods="1" coveredmethods="1"/>
        <line num="2" count="2" type="stmt"/>
        <line num="3" count="2" type="stmt"/>
        <line num="4" count="2" type="stmt"/>
        <line num="5" count="2" type="stmt"/>
        <line num="6" count="2" type="stmt"/>
        <line num="7" count="2" type="stmt"/>
        <line num="10" count="2" type="stmt"/>
        <line num="20" count="2" type="stmt"/>
        <line num="27" count="25" type="stmt"/>
        <line num="35" count="25" type="stmt"/>
        <line num="38" count="25" type="stmt"/>
        <line num="43" count="25" type="stmt"/>
        <line num="48" count="25" type="stmt"/>
        <line num="57" count="25" type="stmt"/>
        <line num="67" count="25" type="stmt"/>
        <line num="73" count="25" type="stmt"/>
        <line num="78" count="25" type="stmt"/>
        <line num="83" count="25" type="stmt"/>
        <line num="86" count="25" type="stmt"/>
        <line num="91" count="25" type="cond" truecount="3" falsecount="0"/>
        <line num="92" count="6" type="stmt"/>
        <line num="137" count="6" type="stmt"/>
      </file>
      <file name="network.ts" path="/home/yusuke/engineers-hub.ltd/in-house-project/markmail/infrastructure/lib/constructs/network.ts">
        <metrics statements="15" coveredstatements="15" conditionals="2" coveredconditionals="2" methods="1" coveredmethods="1"/>
        <line num="2" count="2" type="stmt"/>
        <line num="3" count="2" type="stmt"/>
        <line num="9" count="2" type="stmt"/>
        <line num="17" count="21" type="stmt"/>
        <line num="19" count="21" type="stmt"/>
        <line num="22" count="21" type="stmt"/>
        <line num="46" count="21" type="stmt"/>
        <line num="51" count="21" type="stmt"/>
        <line num="56" count="21" type="stmt"/>
        <line num="63" count="21" type="stmt"/>
        <line num="68" count="21" type="stmt"/>
        <line num="75" count="21" type="stmt"/>
        <line num="80" count="21" type="stmt"/>
        <line num="87" count="21" type="stmt"/>
        <line num="92" count="21" type="stmt"/>
      </file>
    </package>
  </project>
</coverage>
