{
  "/home/yusuke/engineers-hub.ltd/in-house-project/markmail/infrastructure/lib/infrastructure-stack.ts": {
    "path": "/home/yusuke/engineers-hub.ltd/in-house-project/markmail/infrastructure/lib/infrastructure-stack.ts",
    "statementMap": {
      "0": { "start": { "line": 1, "column": 0 }, "end": { "line": 1, "column": 35 } },
      "1": { "start": { "line": 5, "column": 0 }, "end": { "line": 5, "column": 56 } },
      "2": { "start": { "line": 6, "column": 0 }, "end": { "line": 6, "column": 58 } },
      "3": { "start": { "line": 7, "column": 0 }, "end": { "line": 7, "column": 60 } },
      "4": { "start": { "line": 8, "column": 0 }, "end": { "line": 8, "column": 50 } },
      "5": { "start": { "line": 9, "column": 0 }, "end": { "line": 9, "column": 62 } },
      "6": { "start": { "line": 33, "column": 4 }, "end": { "line": 33, "column": 28 } },
      "7": { "start": { "line": 47, "column": 8 }, "end": { "line": 47, "column": 13 } },
      "8": { "start": { "line": 50, "column": 20 }, "end": { "line": 52, "column": 6 } },
      "9": { "start": { "line": 55, "column": 21 }, "end": { "line": 62, "column": 6 } },
      "10": { "start": { "line": 65, "column": 22 }, "end": { "line": 76, "column": 6 } },
      "11": { "start": { "line": 79, "column": 17 }, "end": { "line": 88, "column": 6 } },
      "12": { "start": { "line": 91, "column": 23 }, "end": { "line": 97, "column": 6 } },
      "13": { "start": { "line": 100, "column": 4 }, "end": { "line": 104, "column": 7 } },
      "14": { "start": { "line": 106, "column": 4 }, "end": { "line": 110, "column": 7 } },
      "15": { "start": { "line": 112, "column": 4 }, "end": { "line": 116, "column": 7 } },
      "16": { "start": { "line": 118, "column": 4 }, "end": { "line": 122, "column": 7 } },
      "17": { "start": { "line": 124, "column": 4 }, "end": { "line": 128, "column": 7 } },
      "18": { "start": { "line": 130, "column": 4 }, "end": { "line": 134, "column": 7 } },
      "19": { "start": { "line": 136, "column": 4 }, "end": { "line": 140, "column": 7 } },
      "20": { "start": { "line": 142, "column": 4 }, "end": { "line": 146, "column": 7 } },
      "21": { "start": { "line": 149, "column": 4 }, "end": { "line": 149, "column": 49 } },
      "22": { "start": { "line": 150, "column": 4 }, "end": { "line": 150, "column": 58 } },
      "23": { "start": { "line": 151, "column": 4 }, "end": { "line": 151, "column": 46 } },
      "24": { "start": { "line": 31, "column": 0 }, "end": { "line": 31, "column": 13 } }
    },
    "fnMap": {
      "0": {
        "name": "(anonymous_9)",
        "decl": { "start": { "line": 32, "column": 2 }, "end": { "line": 32, "column": 14 } },
        "loc": { "start": { "line": 32, "column": 83 }, "end": { "line": 152, "column": 3 } }
      }
    },
    "branchMap": {},
    "s": {
      "0": 1,
      "1": 1,
      "2": 1,
      "3": 1,
      "4": 1,
      "5": 1,
      "6": 12,
      "7": 12,
      "8": 12,
      "9": 12,
      "10": 12,
      "11": 12,
      "12": 12,
      "13": 12,
      "14": 12,
      "15": 12,
      "16": 12,
      "17": 12,
      "18": 12,
      "19": 12,
      "20": 12,
      "21": 12,
      "22": 12,
      "23": 12,
      "24": 1
    },
    "f": { "0": 12 },
    "b": {}
  },
  "/home/yusuke/engineers-hub.ltd/in-house-project/markmail/infrastructure/lib/constructs/cicd.ts": {
    "path": "/home/yusuke/engineers-hub.ltd/in-house-project/markmail/infrastructure/lib/constructs/cicd.ts",
    "statementMap": {
      "0": { "start": { "line": 1, "column": 0 }, "end": { "line": 1, "column": 35 } },
      "1": { "start": { "line": 2, "column": 0 }, "end": { "line": 2, "column": 61 } },
      "2": { "start": { "line": 3, "column": 0 }, "end": { "line": 3, "column": 76 } },
      "3": { "start": { "line": 4, "column": 0 }, "end": { "line": 4, "column": 55 } },
      "4": { "start": { "line": 5, "column": 0 }, "end": { "line": 5, "column": 67 } },
      "5": { "start": { "line": 6, "column": 0 }, "end": { "line": 6, "column": 43 } },
      "6": { "start": { "line": 7, "column": 0 }, "end": { "line": 7, "column": 41 } },
      "7": { "start": { "line": 11, "column": 0 }, "end": { "line": 11, "column": 39 } },
      "8": { "start": { "line": 29, "column": 4 }, "end": { "line": 29, "column": 21 } },
      "9": { "start": { "line": 40, "column": 8 }, "end": { "line": 40, "column": 13 } },
      "10": { "start": { "line": 43, "column": 27 }, "end": { "line": 48, "column": 6 } },
      "11": { "start": { "line": 51, "column": 32 }, "end": { "line": 99, "column": 6 } },
      "12": { "start": { "line": 102, "column": 33 }, "end": { "line": 146, "column": 6 } },
      "13": { "start": { "line": 149, "column": 4 }, "end": { "line": 149, "column": 51 } },
      "14": { "start": { "line": 150, "column": 4 }, "end": { "line": 150, "column": 53 } },
      "15": { "start": { "line": 153, "column": 4 }, "end": { "line": 156, "column": 7 } },
      "16": { "start": { "line": 159, "column": 4 }, "end": { "line": 162, "column": 7 } },
      "17": { "start": { "line": 165, "column": 4 }, "end": { "line": 171, "column": 8 } },
      "18": { "start": { "line": 174, "column": 25 }, "end": { "line": 174, "column": 52 } },
      "19": { "start": { "line": 175, "column": 25 }, "end": { "line": 183, "column": 6 } },
      "20": { "start": { "line": 185, "column": 4 }, "end": { "line": 188, "column": 7 } },
      "21": { "start": { "line": 191, "column": 31 }, "end": { "line": 191, "column": 58 } },
      "22": { "start": { "line": 192, "column": 32 }, "end": { "line": 192, "column": 59 } },
      "23": { "start": { "line": 194, "column": 4 }, "end": { "line": 212, "column": 7 } },
      "24": { "start": { "line": 215, "column": 4 }, "end": { "line": 224, "column": 7 } },
      "25": { "start": { "line": 24, "column": 0 }, "end": { "line": 24, "column": 13 } }
    },
    "fnMap": {
      "0": {
        "name": "(anonymous_9)",
        "decl": { "start": { "line": 28, "column": 2 }, "end": { "line": 28, "column": 14 } },
        "loc": { "start": { "line": 28, "column": 69 }, "end": { "line": 225, "column": 3 } }
      }
    },
    "branchMap": {
      "0": {
        "loc": { "start": { "line": 45, "column": 21 }, "end": { "line": 45, "column": 102 } },
        "type": "cond-expr",
        "locations": [
          { "start": { "line": 45, "column": 50 }, "end": { "line": 45, "column": 74 } },
          { "start": { "line": 45, "column": 77 }, "end": { "line": 45, "column": 102 } }
        ]
      },
      "1": {
        "loc": { "start": { "line": 114, "column": 42 }, "end": { "line": 114, "column": 103 } },
        "type": "binary-expr",
        "locations": [
          { "start": { "line": 114, "column": 42 }, "end": { "line": 114, "column": 52 } },
          { "start": { "line": 114, "column": 56 }, "end": { "line": 114, "column": 103 } }
        ]
      }
    },
    "s": {
      "0": 2,
      "1": 2,
      "2": 2,
      "3": 2,
      "4": 2,
      "5": 2,
      "6": 2,
      "7": 2,
      "8": 25,
      "9": 25,
      "10": 25,
      "11": 25,
      "12": 25,
      "13": 25,
      "14": 25,
      "15": 25,
      "16": 25,
      "17": 25,
      "18": 25,
      "19": 25,
      "20": 25,
      "21": 25,
      "22": 25,
      "23": 25,
      "24": 25,
      "25": 2
    },
    "f": { "0": 25 },
    "b": { "0": [8, 17], "1": [25, 21] }
  },
  "/home/yusuke/engineers-hub.ltd/in-house-project/markmail/infrastructure/lib/constructs/container.ts": {
    "path": "/home/yusuke/engineers-hub.ltd/in-house-project/markmail/infrastructure/lib/constructs/container.ts",
    "statementMap": {
      "0": { "start": { "line": 1, "column": 0 }, "end": { "line": 1, "column": 35 } },
      "1": { "start": { "line": 3, "column": 0 }, "end": { "line": 3, "column": 43 } },
      "2": { "start": { "line": 4, "column": 0 }, "end": { "line": 4, "column": 60 } },
      "3": { "start": { "line": 5, "column": 0 }, "end": { "line": 5, "column": 43 } },
      "4": { "start": { "line": 6, "column": 0 }, "end": { "line": 6, "column": 43 } },
      "5": { "start": { "line": 7, "column": 0 }, "end": { "line": 7, "column": 45 } },
      "6": { "start": { "line": 9, "column": 0 }, "end": { "line": 9, "column": 73 } },
      "7": { "start": { "line": 10, "column": 0 }, "end": { "line": 10, "column": 51 } },
      "8": { "start": { "line": 13, "column": 0 }, "end": { "line": 13, "column": 39 } },
      "9": { "start": { "line": 37, "column": 4 }, "end": { "line": 37, "column": 21 } },
      "10": { "start": { "line": 50, "column": 8 }, "end": { "line": 50, "column": 13 } },
      "11": { "start": { "line": 53, "column": 4 }, "end": { "line": 62, "column": 7 } },
      "12": { "start": { "line": 64, "column": 4 }, "end": { "line": 73, "column": 7 } },
      "13": { "start": { "line": 76, "column": 4 }, "end": { "line": 79, "column": 7 } },
      "14": { "start": { "line": 82, "column": 4 }, "end": { "line": 86, "column": 5 } },
      "15": { "start": { "line": 83, "column": 6 }, "end": { "line": 85, "column": 9 } },
      "16": { "start": { "line": 89, "column": 4 }, "end": { "line": 94, "column": 7 } },
      "17": { "start": { "line": 97, "column": 4 }, "end": { "line": 99, "column": 7 } },
      "18": { "start": { "line": 102, "column": 4 }, "end": { "line": 113, "column": 8 } },
      "19": { "start": { "line": 116, "column": 4 }, "end": { "line": 122, "column": 8 } },
      "20": { "start": { "line": 125, "column": 21 }, "end": { "line": 129, "column": 6 } },
      "21": { "start": { "line": 135, "column": 4 }, "end": { "line": 145, "column": 5 } },
      "22": { "start": { "line": 136, "column": 6 }, "end": { "line": 138, "column": 9 } },
      "23": { "start": { "line": 140, "column": 6 }, "end": { "line": 144, "column": 9 } },
      "24": { "start": { "line": 148, "column": 4 }, "end": { "line": 178, "column": 7 } },
      "25": { "start": { "line": 28, "column": 0 }, "end": { "line": 28, "column": 13 } }
    },
    "fnMap": {
      "0": {
        "name": "(anonymous_9)",
        "decl": { "start": { "line": 36, "column": 2 }, "end": { "line": 36, "column": 14 } },
        "loc": { "start": { "line": 36, "column": 74 }, "end": { "line": 179, "column": 3 } }
      }
    },
    "branchMap": {
      "0": {
        "loc": { "start": { "line": 47, "column": 6 }, "end": { "line": 47, "column": 22 } },
        "type": "default-arg",
        "locations": [
          { "start": { "line": 47, "column": 21 }, "end": { "line": 47, "column": 22 } }
        ]
      },
      "1": {
        "loc": { "start": { "line": 48, "column": 6 }, "end": { "line": 48, "column": 15 } },
        "type": "default-arg",
        "locations": [
          { "start": { "line": 48, "column": 12 }, "end": { "line": 48, "column": 15 } }
        ]
      },
      "2": {
        "loc": { "start": { "line": 49, "column": 6 }, "end": { "line": 49, "column": 27 } },
        "type": "default-arg",
        "locations": [
          { "start": { "line": 49, "column": 23 }, "end": { "line": 49, "column": 27 } }
        ]
      },
      "3": {
        "loc": { "start": { "line": 55, "column": 21 }, "end": { "line": 55, "column": 102 } },
        "type": "cond-expr",
        "locations": [
          { "start": { "line": 55, "column": 50 }, "end": { "line": 55, "column": 74 } },
          { "start": { "line": 55, "column": 77 }, "end": { "line": 55, "column": 102 } }
        ]
      },
      "4": {
        "loc": { "start": { "line": 66, "column": 21 }, "end": { "line": 66, "column": 102 } },
        "type": "cond-expr",
        "locations": [
          { "start": { "line": 66, "column": 50 }, "end": { "line": 66, "column": 74 } },
          { "start": { "line": 66, "column": 77 }, "end": { "line": 66, "column": 102 } }
        ]
      },
      "5": {
        "loc": { "start": { "line": 82, "column": 4 }, "end": { "line": 86, "column": 5 } },
        "type": "if",
        "locations": [{ "start": { "line": 82, "column": 4 }, "end": { "line": 86, "column": 5 } }]
      },
      "6": {
        "loc": { "start": { "line": 128, "column": 21 }, "end": { "line": 128, "column": 102 } },
        "type": "cond-expr",
        "locations": [
          { "start": { "line": 128, "column": 50 }, "end": { "line": 128, "column": 74 } },
          { "start": { "line": 128, "column": 77 }, "end": { "line": 128, "column": 102 } }
        ]
      },
      "7": {
        "loc": { "start": { "line": 135, "column": 4 }, "end": { "line": 145, "column": 5 } },
        "type": "if",
        "locations": [
          { "start": { "line": 135, "column": 4 }, "end": { "line": 145, "column": 5 } }
        ]
      },
      "8": {
        "loc": { "start": { "line": 176, "column": 20 }, "end": { "line": 176, "column": 45 } },
        "type": "cond-expr",
        "locations": [
          { "start": { "line": 176, "column": 33 }, "end": { "line": 176, "column": 37 } },
          { "start": { "line": 176, "column": 40 }, "end": { "line": 176, "column": 45 } }
        ]
      }
    },
    "s": {
      "0": 2,
      "1": 2,
      "2": 2,
      "3": 2,
      "4": 2,
      "5": 2,
      "6": 2,
      "7": 2,
      "8": 2,
      "9": 26,
      "10": 26,
      "11": 26,
      "12": 26,
      "13": 26,
      "14": 26,
      "15": 9,
      "16": 26,
      "17": 26,
      "18": 26,
      "19": 26,
      "20": 26,
      "21": 26,
      "22": 2,
      "23": 2,
      "24": 26,
      "25": 2
    },
    "f": { "0": 26 },
    "b": {
      "0": [24],
      "1": [24],
      "2": [24],
      "3": [9, 17],
      "4": [9, 17],
      "5": [9],
      "6": [9, 17],
      "7": [2],
      "8": [2, 24]
    }
  },
  "/home/yusuke/engineers-hub.ltd/in-house-project/markmail/infrastructure/lib/constructs/database.ts": {
    "path": "/home/yusuke/engineers-hub.ltd/in-house-project/markmail/infrastructure/lib/constructs/database.ts",
    "statementMap": {
      "0": { "start": { "line": 1, "column": 0 }, "end": { "line": 1, "column": 35 } },
      "1": { "start": { "line": 2, "column": 0 }, "end": { "line": 2, "column": 43 } },
      "2": { "start": { "line": 3, "column": 0 }, "end": { "line": 3, "column": 43 } },
      "3": { "start": { "line": 4, "column": 0 }, "end": { "line": 4, "column": 59 } },
      "4": { "start": { "line": 5, "column": 0 }, "end": { "line": 5, "column": 65 } },
      "5": { "start": { "line": 6, "column": 0 }, "end": { "line": 6, "column": 39 } },
      "6": { "start": { "line": 23, "column": 4 }, "end": { "line": 23, "column": 21 } },
      "7": { "start": { "line": 32, "column": 8 }, "end": { "line": 32, "column": 13 } },
      "8": { "start": { "line": 35, "column": 4 }, "end": { "line": 42, "column": 7 } },
      "9": { "start": { "line": 45, "column": 26 }, "end": { "line": 51, "column": 6 } },
      "10": { "start": { "line": 54, "column": 4 }, "end": { "line": 75, "column": 7 } },
      "11": { "start": { "line": 78, "column": 29 }, "end": { "line": 83, "column": 6 } },
      "12": { "start": { "line": 86, "column": 4 }, "end": { "line": 93, "column": 7 } },
      "13": { "start": { "line": 94, "column": 4 }, "end": { "line": 94, "column": 54 } },
      "14": { "start": { "line": 17, "column": 0 }, "end": { "line": 17, "column": 13 } }
    },
    "fnMap": {
      "0": {
        "name": "(anonymous_9)",
        "decl": { "start": { "line": 22, "column": 2 }, "end": { "line": 22, "column": 14 } },
        "loc": { "start": { "line": 22, "column": 73 }, "end": { "line": 95, "column": 3 } }
      }
    },
    "branchMap": {
      "0": {
        "loc": { "start": { "line": 30, "column": 6 }, "end": { "line": 30, "column": 44 } },
        "type": "default-arg",
        "locations": [
          { "start": { "line": 30, "column": 24 }, "end": { "line": 30, "column": 44 } }
        ]
      },
      "1": {
        "loc": { "start": { "line": 31, "column": 6 }, "end": { "line": 31, "column": 45 } },
        "type": "default-arg",
        "locations": [
          { "start": { "line": 31, "column": 23 }, "end": { "line": 31, "column": 45 } }
        ]
      },
      "2": {
        "loc": { "start": { "line": 72, "column": 41 }, "end": { "line": 72, "column": 76 } },
        "type": "cond-expr",
        "locations": [
          { "start": { "line": 72, "column": 70 }, "end": { "line": 72, "column": 72 } },
          { "start": { "line": 72, "column": 75 }, "end": { "line": 72, "column": 76 } }
        ]
      },
      "3": {
        "loc": { "start": { "line": 74, "column": 21 }, "end": { "line": 74, "column": 104 } },
        "type": "cond-expr",
        "locations": [
          { "start": { "line": 74, "column": 50 }, "end": { "line": 74, "column": 76 } },
          { "start": { "line": 74, "column": 79 }, "end": { "line": 74, "column": 104 } }
        ]
      },
      "4": {
        "loc": { "start": { "line": 87, "column": 21 }, "end": { "line": 87, "column": 86 } },
        "type": "cond-expr",
        "locations": [
          { "start": { "line": 87, "column": 50 }, "end": { "line": 87, "column": 67 } },
          { "start": { "line": 87, "column": 70 }, "end": { "line": 87, "column": 86 } }
        ]
      }
    },
    "s": {
      "0": 2,
      "1": 2,
      "2": 2,
      "3": 2,
      "4": 2,
      "5": 2,
      "6": 25,
      "7": 25,
      "8": 25,
      "9": 25,
      "10": 25,
      "11": 25,
      "12": 25,
      "13": 25,
      "14": 2
    },
    "f": { "0": 25 },
    "b": { "0": [23], "1": [23], "2": [8, 17], "3": [8, 17], "4": [8, 17] }
  },
  "/home/yusuke/engineers-hub.ltd/in-house-project/markmail/infrastructure/lib/constructs/monitoring.ts": {
    "path": "/home/yusuke/engineers-hub.ltd/in-house-project/markmail/infrastructure/lib/constructs/monitoring.ts",
    "statementMap": {
      "0": { "start": { "line": 2, "column": 0 }, "end": { "line": 2, "column": 57 } },
      "1": { "start": { "line": 3, "column": 0 }, "end": { "line": 3, "column": 72 } },
      "2": { "start": { "line": 4, "column": 0 }, "end": { "line": 4, "column": 43 } },
      "3": { "start": { "line": 5, "column": 0 }, "end": { "line": 5, "column": 70 } },
      "4": { "start": { "line": 6, "column": 0 }, "end": { "line": 6, "column": 43 } },
      "5": { "start": { "line": 7, "column": 0 }, "end": { "line": 7, "column": 47 } },
      "6": { "start": { "line": 10, "column": 0 }, "end": { "line": 10, "column": 39 } },
      "7": { "start": { "line": 27, "column": 4 }, "end": { "line": 27, "column": 21 } },
      "8": { "start": { "line": 35, "column": 8 }, "end": { "line": 35, "column": 13 } },
      "9": { "start": { "line": 38, "column": 4 }, "end": { "line": 41, "column": 7 } },
      "10": { "start": { "line": 43, "column": 4 }, "end": { "line": 45, "column": 6 } },
      "11": { "start": { "line": 48, "column": 4 }, "end": { "line": 55, "column": 72 } },
      "12": { "start": { "line": 57, "column": 4 }, "end": { "line": 64, "column": 72 } },
      "13": { "start": { "line": 67, "column": 4 }, "end": { "line": 70, "column": 7 } },
      "14": { "start": { "line": 73, "column": 4 }, "end": { "line": 76, "column": 7 } },
      "15": { "start": { "line": 78, "column": 4 }, "end": { "line": 81, "column": 7 } },
      "16": { "start": { "line": 83, "column": 4 }, "end": { "line": 85, "column": 6 } },
      "17": { "start": { "line": 86, "column": 4 }, "end": { "line": 88, "column": 6 } },
      "18": { "start": { "line": 91, "column": 4 }, "end": { "line": 141, "column": 5 } },
      "19": { "start": { "line": 92, "column": 21 }, "end": { "line": 134, "column": 8 } },
      "20": { "start": { "line": 137, "column": 6 }, "end": { "line": 140, "column": 9 } },
      "21": { "start": { "line": 20, "column": 0 }, "end": { "line": 20, "column": 13 } }
    },
    "fnMap": {
      "0": {
        "name": "(anonymous_9)",
        "decl": { "start": { "line": 26, "column": 2 }, "end": { "line": 26, "column": 14 } },
        "loc": { "start": { "line": 26, "column": 75 }, "end": { "line": 142, "column": 3 } }
      }
    },
    "branchMap": {
      "0": {
        "loc": { "start": { "line": 91, "column": 4 }, "end": { "line": 141, "column": 5 } },
        "type": "if",
        "locations": [{ "start": { "line": 91, "column": 4 }, "end": { "line": 141, "column": 5 } }]
      },
      "1": {
        "loc": { "start": { "line": 91, "column": 8 }, "end": { "line": 91, "column": 48 } },
        "type": "binary-expr",
        "locations": [
          { "start": { "line": 91, "column": 8 }, "end": { "line": 91, "column": 34 } },
          { "start": { "line": 91, "column": 38 }, "end": { "line": 91, "column": 48 } }
        ]
      }
    },
    "s": {
      "0": 2,
      "1": 2,
      "2": 2,
      "3": 2,
      "4": 2,
      "5": 2,
      "6": 2,
      "7": 25,
      "8": 25,
      "9": 25,
      "10": 25,
      "11": 25,
      "12": 25,
      "13": 25,
      "14": 25,
      "15": 25,
      "16": 25,
      "17": 25,
      "18": 25,
      "19": 6,
      "20": 6,
      "21": 2
    },
    "f": { "0": 25 },
    "b": { "0": [6], "1": [25, 12] }
  },
  "/home/yusuke/engineers-hub.ltd/in-house-project/markmail/infrastructure/lib/constructs/network.ts": {
    "path": "/home/yusuke/engineers-hub.ltd/in-house-project/markmail/infrastructure/lib/constructs/network.ts",
    "statementMap": {
      "0": { "start": { "line": 2, "column": 0 }, "end": { "line": 2, "column": 43 } },
      "1": { "start": { "line": 3, "column": 0 }, "end": { "line": 3, "column": 39 } },
      "2": { "start": { "line": 17, "column": 4 }, "end": { "line": 17, "column": 21 } },
      "3": { "start": { "line": 19, "column": 32 }, "end": { "line": 19, "column": 37 } },
      "4": { "start": { "line": 22, "column": 4 }, "end": { "line": 43, "column": 7 } },
      "5": { "start": { "line": 46, "column": 4 }, "end": { "line": 50, "column": 7 } },
      "6": { "start": { "line": 51, "column": 4 }, "end": { "line": 55, "column": 6 } },
      "7": { "start": { "line": 56, "column": 4 }, "end": { "line": 60, "column": 6 } },
      "8": { "start": { "line": 63, "column": 4 }, "end": { "line": 67, "column": 7 } },
      "9": { "start": { "line": 68, "column": 4 }, "end": { "line": 72, "column": 6 } },
      "10": { "start": { "line": 75, "column": 4 }, "end": { "line": 79, "column": 7 } },
      "11": { "start": { "line": 80, "column": 4 }, "end": { "line": 84, "column": 6 } },
      "12": { "start": { "line": 87, "column": 4 }, "end": { "line": 91, "column": 7 } },
      "13": { "start": { "line": 92, "column": 4 }, "end": { "line": 96, "column": 6 } },
      "14": { "start": { "line": 9, "column": 0 }, "end": { "line": 9, "column": 13 } }
    },
    "fnMap": {
      "0": {
        "name": "(anonymous_9)",
        "decl": { "start": { "line": 16, "column": 2 }, "end": { "line": 16, "column": 14 } },
        "loc": { "start": { "line": 16, "column": 72 }, "end": { "line": 97, "column": 3 } }
      }
    },
    "branchMap": {
      "0": {
        "loc": { "start": { "line": 25, "column": 19 }, "end": { "line": 25, "column": 53 } },
        "type": "cond-expr",
        "locations": [
          { "start": { "line": 25, "column": 48 }, "end": { "line": 25, "column": 49 } },
          { "start": { "line": 25, "column": 52 }, "end": { "line": 25, "column": 53 } }
        ]
      }
    },
    "s": {
      "0": 2,
      "1": 2,
      "2": 21,
      "3": 21,
      "4": 21,
      "5": 21,
      "6": 21,
      "7": 21,
      "8": 21,
      "9": 21,
      "10": 21,
      "11": 21,
      "12": 21,
      "13": 21,
      "14": 2
    },
    "f": { "0": 21 },
    "b": { "0": [6, 15] }
  }
}
