TN:
SF:lib/infrastructure-stack.ts
FN:32,(anonymous_9)
FNF:1
FNH:1
FNDA:12,(anonymous_9)
DA:1,1
DA:5,1
DA:6,1
DA:7,1
DA:8,1
DA:9,1
DA:31,1
DA:33,12
DA:47,12
DA:50,12
DA:55,12
DA:65,12
DA:79,12
DA:91,12
DA:100,12
DA:106,12
DA:112,12
DA:118,12
DA:124,12
DA:130,12
DA:136,12
DA:142,12
DA:149,12
DA:150,12
DA:151,12
LF:25
LH:25
BRF:0
BRH:0
end_of_record
TN:
SF:lib/constructs/cicd.ts
FN:28,(anonymous_9)
FNF:1
FNH:1
FNDA:25,(anonymous_9)
DA:1,2
DA:2,2
DA:3,2
DA:4,2
DA:5,2
DA:6,2
DA:7,2
DA:11,2
DA:24,2
DA:29,25
DA:40,25
DA:43,25
DA:51,25
DA:102,25
DA:149,25
DA:150,25
DA:153,25
DA:159,25
DA:165,25
DA:174,25
DA:175,25
DA:185,25
DA:191,25
DA:192,25
DA:194,25
DA:215,25
LF:26
LH:26
BRDA:45,0,0,8
BRDA:45,0,1,17
BRDA:114,1,0,25
BRDA:114,1,1,21
BRF:4
BRH:4
end_of_record
TN:
SF:lib/constructs/container.ts
FN:36,(anonymous_9)
FNF:1
FNH:1
FNDA:26,(anonymous_9)
DA:1,2
DA:3,2
DA:4,2
DA:5,2
DA:6,2
DA:7,2
DA:9,2
DA:10,2
DA:13,2
DA:28,2
DA:37,26
DA:50,26
DA:53,26
DA:64,26
DA:76,26
DA:82,26
DA:83,9
DA:89,26
DA:97,26
DA:102,26
DA:116,26
DA:125,26
DA:135,26
DA:136,2
DA:140,2
DA:148,26
LF:26
LH:26
BRDA:47,0,0,24
BRDA:48,1,0,24
BRDA:49,2,0,24
BRDA:55,3,0,9
BRDA:55,3,1,17
BRDA:66,4,0,9
BRDA:66,4,1,17
BRDA:82,5,0,9
BRDA:128,6,0,9
BRDA:128,6,1,17
BRDA:135,7,0,2
BRDA:176,8,0,2
BRDA:176,8,1,24
BRF:13
BRH:13
end_of_record
TN:
SF:lib/constructs/database.ts
FN:22,(anonymous_9)
FNF:1
FNH:1
FNDA:25,(anonymous_9)
DA:1,2
DA:2,2
DA:3,2
DA:4,2
DA:5,2
DA:6,2
DA:17,2
DA:23,25
DA:32,25
DA:35,25
DA:45,25
DA:54,25
DA:78,25
DA:86,25
DA:94,25
LF:15
LH:15
BRDA:30,0,0,23
BRDA:31,1,0,23
BRDA:72,2,0,8
BRDA:72,2,1,17
BRDA:74,3,0,8
BRDA:74,3,1,17
BRDA:87,4,0,8
BRDA:87,4,1,17
BRF:8
BRH:8
end_of_record
TN:
SF:lib/constructs/monitoring.ts
FN:26,(anonymous_9)
FNF:1
FNH:1
FNDA:25,(anonymous_9)
DA:2,2
DA:3,2
DA:4,2
DA:5,2
DA:6,2
DA:7,2
DA:10,2
DA:20,2
DA:27,25
DA:35,25
DA:38,25
DA:43,25
DA:48,25
DA:57,25
DA:67,25
DA:73,25
DA:78,25
DA:83,25
DA:86,25
DA:91,25
DA:92,6
DA:137,6
LF:22
LH:22
BRDA:91,0,0,6
BRDA:91,1,0,25
BRDA:91,1,1,12
BRF:3
BRH:3
end_of_record
TN:
SF:lib/constructs/network.ts
FN:16,(anonymous_9)
FNF:1
FNH:1
FNDA:21,(anonymous_9)
DA:2,2
DA:3,2
DA:9,2
DA:17,21
DA:19,21
DA:22,21
DA:46,21
DA:51,21
DA:56,21
DA:63,21
DA:68,21
DA:75,21
DA:80,21
DA:87,21
DA:92,21
LF:15
LH:15
BRDA:25,0,0,6
BRDA:25,0,1,15
BRF:2
BRH:2
end_of_record
